<?xml version="1.0" encoding="UTF-8"?>
<!-- Generated by org.testng.reporters.JUnitReportReporter -->
<testsuite hostname="DESKTOP-CUNDC5O" failures="0" tests="1" name="practice.TestNGPractice" time="0.061" errors="0" timestamp="2025-04-03T08:14:45 IST" skipped="0">
  <testcase classname="practice.TestNGPractice" name="practice" time="0.061"/>
</testsuite> <!-- practice.TestNGPractice -->
