<?xml version="1.0" encoding="UTF-8"?>
<!-- Generated by org.testng.reporters.JUnitReportReporter -->
<testsuite hostname="DESKTOP-CUNDC5O" failures="0" tests="1" name="practice.JdbcPractice" time="2.141" errors="0" timestamp="2025-04-26T09:33:06 IST" skipped="0">
  <testcase classname="practice.JdbcPractice" name="executeQueryJDBC" time="2.141"/>
  <system-out/>
</testsuite> <!-- practice.JdbcPractice -->
